--------------------------------------------------------------------------------
Release 12.1 Trace  (nt)
Copyright (c) 1995-2010 Xilinx, Inc.  All rights reserved.

C:\Xilinx\12.1\ISE_DS\ISE\bin\nt\unwrapped\trce.exe -intstyle ise -v 3 -s 5 -n
3 -fastpaths -xml tmp.twx tmp.ncd -o tmp.twr tmp.pcf -ucf pines.ucf

Design file:              tmp.ncd
Physical constraint file: tmp.pcf
Device,package,speed:     xc3s500e,fg320,-5 (PRODUCTION 1.27 2010-04-09)
Report level:             verbose report

Environment Variable      Effect 
--------------------      ------ 
NONE                      No environment variables were set
--------------------------------------------------------------------------------

INFO:Timing:2698 - No timing constraints found, doing default enumeration.
INFO:Timing:2752 - To get complete path coverage, use the unconstrained paths 
   option. All paths that are not constrained will be reported in the 
   unconstrained paths section(s) of the report.
INFO:Timing:3339 - The clock-to-out numbers in this timing report are based on 
   a 50 Ohm transmission line loading model.  For the details of this model, 
   and for more information on accounting for different loading conditions, 
   please see the device datasheet.
INFO:Timing:3390 - This architecture does not support a default System Jitter 
   value, please add SYSTEM_JITTER constraint to the UCF to modify the Clock 
   Uncertainty calculation.
INFO:Timing:3389 - This architecture does not support 'Discrete Jitter' and 
   'Phase Error' calculations, these terms will be zero in the Clock 
   Uncertainty calculation.  Please make appropriate modification to 
   SYSTEM_JITTER to account for the unsupported Discrete Jitter and Phase 
   Error.



Data Sheet report:
-----------------
All values displayed in nanoseconds (ns)

Setup/Hold to clock clk
------------+------------+------------+------------------+--------+
            |Max Setup to|Max Hold to |                  | Clock  |
Source      | clk (edge) | clk (edge) |Internal Clock(s) | Phase  |
------------+------------+------------+------------------+--------+
dataUSB<0>  |    0.500(F)|    0.731(F)|clk_BUFGP         |   0.000|
dataUSB<1>  |    0.367(F)|    0.837(F)|clk_BUFGP         |   0.000|
dataUSB<2>  |    0.207(F)|    0.965(F)|clk_BUFGP         |   0.000|
dataUSB<3>  |    0.534(F)|    0.703(F)|clk_BUFGP         |   0.000|
dataUSB<4>  |    0.026(F)|    1.109(F)|clk_BUFGP         |   0.000|
dataUSB<5>  |    0.380(F)|    0.826(F)|clk_BUFGP         |   0.000|
dataUSB<6>  |    0.836(F)|    0.462(F)|clk_BUFGP         |   0.000|
dataUSB<7>  |    0.565(F)|    0.678(F)|clk_BUFGP         |   0.000|
rst         |    3.740(F)|   -0.055(F)|clk_BUFGP         |   0.000|
rxf         |    0.510(F)|    0.721(F)|clk_BUFGP         |   0.000|
------------+------------+------------+------------------+--------+

Clock clk to Pad
------------+------------+------------------+--------+
            | clk (edge) |                  | Clock  |
Destination |   to PAD   |Internal Clock(s) | Phase  |
------------+------------+------------------+--------+
leds<0>     |    7.459(F)|clk_BUFGP         |   0.000|
leds<1>     |    7.560(F)|clk_BUFGP         |   0.000|
leds<2>     |    7.858(F)|clk_BUFGP         |   0.000|
leds<3>     |    7.861(F)|clk_BUFGP         |   0.000|
leds<4>     |    8.369(F)|clk_BUFGP         |   0.000|
leds<5>     |    9.407(F)|clk_BUFGP         |   0.000|
leds<6>     |    8.889(F)|clk_BUFGP         |   0.000|
leds<7>     |    9.431(F)|clk_BUFGP         |   0.000|
rd          |    8.102(F)|clk_BUFGP         |   0.000|
------------+------------+------------------+--------+

Clock to Setup on destination clock clk
---------------+---------+---------+---------+---------+
               | Src:Rise| Src:Fall| Src:Rise| Src:Fall|
Source Clock   |Dest:Rise|Dest:Rise|Dest:Fall|Dest:Fall|
---------------+---------+---------+---------+---------+
clk            |         |         |         |    4.816|
---------------+---------+---------+---------+---------+


Analysis completed Fri May 08 21:06:48 2015 
--------------------------------------------------------------------------------

Trace Settings:
-------------------------
Trace Settings 

Peak Memory Usage: 106 MB



