--------------------------------------------------------------------------------
Release 12.1 Trace  (nt)
Copyright (c) 1995-2010 Xilinx, Inc.  All rights reserved.

C:\Xilinx\12.1\ISE_DS\ISE\bin\nt\unwrapped\trce.exe -intstyle ise -v 3 -s 5 -n
3 -fastpaths -xml UC.twx UC.ncd -o UC.twr UC.pcf -ucf pines.ucf

Design file:              UC.ncd
Physical constraint file: UC.pcf
Device,package,speed:     xc3s500e,fg320,-5 (PRODUCTION 1.27 2010-04-09)
Report level:             verbose report

Environment Variable      Effect 
--------------------      ------ 
NONE                      No environment variables were set
--------------------------------------------------------------------------------

INFO:Timing:2698 - No timing constraints found, doing default enumeration.
INFO:Timing:2752 - To get complete path coverage, use the unconstrained paths 
   option. All paths that are not constrained will be reported in the 
   unconstrained paths section(s) of the report.
INFO:Timing:3339 - The clock-to-out numbers in this timing report are based on 
   a 50 Ohm transmission line loading model.  For the details of this model, 
   and for more information on accounting for different loading conditions, 
   please see the device datasheet.
INFO:Timing:3390 - This architecture does not support a default System Jitter 
   value, please add SYSTEM_JITTER constraint to the UCF to modify the Clock 
   Uncertainty calculation.
INFO:Timing:3389 - This architecture does not support 'Discrete Jitter' and 
   'Phase Error' calculations, these terms will be zero in the Clock 
   Uncertainty calculation.  Please make appropriate modification to 
   SYSTEM_JITTER to account for the unsupported Discrete Jitter and Phase 
   Error.



Data Sheet report:
-----------------
All values displayed in nanoseconds (ns)

Clock clk to Pad
------------+------------+------------------+--------+
            | clk (edge) |                  | Clock  |
Destination |   to PAD   |Internal Clock(s) | Phase  |
------------+------------+------------------+--------+
dato<0>     |    8.881(F)|clk_BUFGP         |   0.000|
dato<1>     |    8.984(F)|clk_BUFGP         |   0.000|
dato<2>     |    8.252(F)|clk_BUFGP         |   0.000|
dato<3>     |    8.920(F)|clk_BUFGP         |   0.000|
dato<4>     |    7.455(F)|clk_BUFGP         |   0.000|
dato<5>     |    9.123(F)|clk_BUFGP         |   0.000|
dato<6>     |    8.531(F)|clk_BUFGP         |   0.000|
dato<7>     |    9.579(F)|clk_BUFGP         |   0.000|
------------+------------+------------------+--------+

Clock to Setup on destination clock clk
---------------+---------+---------+---------+---------+
               | Src:Rise| Src:Fall| Src:Rise| Src:Fall|
Source Clock   |Dest:Rise|Dest:Rise|Dest:Fall|Dest:Fall|
---------------+---------+---------+---------+---------+
clk            |         |         |         |    5.070|
---------------+---------+---------+---------+---------+


Analysis completed Fri May 08 13:41:10 2015 
--------------------------------------------------------------------------------

Trace Settings:
-------------------------
Trace Settings 

Peak Memory Usage: 105 MB



